<?xml version="1.0" encoding="UTF-8" ?>

  
  <testsuite name="test_login.js"
             errors="1"
             failures="0"
             tests="2">
    
      
      <testcase name="group - test login">
        
          <failure message="Browser was undefined">
            AssertionError: false == true
    at Object.ok (/usr/local/lib/node_modules/nodeunit/lib/types.js:81:39)
    at /Users/shane/Dropbox/sources/nodejs/taskmaster/test/test_login.js:40:9
    at /Users/shane/Dropbox/sources/nodejs/taskmaster/node_modules/zombie/lib/zombie/browser.js:261:20
    at Browser.&lt;anonymous&gt; (/Users/shane/Dropbox/sources/nodejs/taskmaster/node_modules/zombie/lib/zombie/browser.js:151:18)
    at Browser.&lt;anonymous&gt; (/Users/shane/Dropbox/sources/nodejs/taskmaster/node_modules/zombie/lib/zombie/browser.js:9:60)
    at Browser.emit (events.js:64:17)
    at EventLoop.&lt;anonymous&gt; (/Users/shane/Dropbox/sources/nodejs/taskmaster/node_modules/zombie/lib/zombie/eventloop.js:142:26)
    at Array.&lt;anonymous&gt; (/Users/shane/Dropbox/sources/nodejs/taskmaster/node_modules/zombie/lib/zombie/eventloop.js:2:61)
    at EventEmitter._tickCallback (node.js:126:26)
          </failure>
        
      </testcase>
    
      
      <testcase name="group - test register">
        
      </testcase>
    
  </testsuite>

